{"message":"Could not get an error","stack":"Error: Could not get an error\n    at router.get.asyncMiddleware (/home/emmisteel/Documents/Angularjs/jackClinic/routes/specializations.js:8:9)\n    at /home/emmisteel/Documents/Angularjs/jackClinic/middleware/async.js:5:19\n    at Layer.handle [as handle_request] (/home/emmisteel/Documents/Angularjs/jackClinic/node_modules/express/lib/router/layer.js:95:5)\n    at next (/home/emmisteel/Documents/Angularjs/jackClinic/node_modules/express/lib/router/route.js:137:13)\n    at Route.dispatch (/home/emmisteel/Documents/Angularjs/jackClinic/node_modules/express/lib/router/route.js:112:3)\n    at Layer.handle [as handle_request] (/home/emmisteel/Documents/Angularjs/jackClinic/node_modules/express/lib/router/layer.js:95:5)\n    at /home/emmisteel/Documents/Angularjs/jackClinic/node_modules/express/lib/router/index.js:281:22\n    at Function.process_params (/home/emmisteel/Documents/Angularjs/jackClinic/node_modules/express/lib/router/index.js:335:12)\n    at next (/home/emmisteel/Documents/Angularjs/jackClinic/node_modules/express/lib/router/index.js:275:10)\n    at Function.handle (/home/emmisteel/Documents/Angularjs/jackClinic/node_modules/express/lib/router/index.js:174:3)\n    at router (/home/emmisteel/Documents/Angularjs/jackClinic/node_modules/express/lib/router/index.js:47:12)\n    at Layer.handle [as handle_request] (/home/emmisteel/Documents/Angularjs/jackClinic/node_modules/express/lib/router/layer.js:95:5)\n    at trim_prefix (/home/emmisteel/Documents/Angularjs/jackClinic/node_modules/express/lib/router/index.js:317:13)\n    at /home/emmisteel/Documents/Angularjs/jackClinic/node_modules/express/lib/router/index.js:284:7\n    at Function.process_params (/home/emmisteel/Documents/Angularjs/jackClinic/node_modules/express/lib/router/index.js:335:12)\n    at next (/home/emmisteel/Documents/Angularjs/jackClinic/node_modules/express/lib/router/index.js:275:10)","level":"error","timestamp":"2019-02-26T05:58:55.717Z"}
{"message":"Could not get an error","stack":"Error: Could not get an error\n    at router.get.asyncMiddleware (/home/emmisteel/Documents/Angularjs/jackClinic/routes/specializations.js:8:9)\n    at /home/emmisteel/Documents/Angularjs/jackClinic/middleware/async.js:5:19\n    at Layer.handle [as handle_request] (/home/emmisteel/Documents/Angularjs/jackClinic/node_modules/express/lib/router/layer.js:95:5)\n    at next (/home/emmisteel/Documents/Angularjs/jackClinic/node_modules/express/lib/router/route.js:137:13)\n    at Route.dispatch (/home/emmisteel/Documents/Angularjs/jackClinic/node_modules/express/lib/router/route.js:112:3)\n    at Layer.handle [as handle_request] (/home/emmisteel/Documents/Angularjs/jackClinic/node_modules/express/lib/router/layer.js:95:5)\n    at /home/emmisteel/Documents/Angularjs/jackClinic/node_modules/express/lib/router/index.js:281:22\n    at Function.process_params (/home/emmisteel/Documents/Angularjs/jackClinic/node_modules/express/lib/router/index.js:335:12)\n    at next (/home/emmisteel/Documents/Angularjs/jackClinic/node_modules/express/lib/router/index.js:275:10)\n    at Function.handle (/home/emmisteel/Documents/Angularjs/jackClinic/node_modules/express/lib/router/index.js:174:3)\n    at router (/home/emmisteel/Documents/Angularjs/jackClinic/node_modules/express/lib/router/index.js:47:12)\n    at Layer.handle [as handle_request] (/home/emmisteel/Documents/Angularjs/jackClinic/node_modules/express/lib/router/layer.js:95:5)\n    at trim_prefix (/home/emmisteel/Documents/Angularjs/jackClinic/node_modules/express/lib/router/index.js:317:13)\n    at /home/emmisteel/Documents/Angularjs/jackClinic/node_modules/express/lib/router/index.js:284:7\n    at Function.process_params (/home/emmisteel/Documents/Angularjs/jackClinic/node_modules/express/lib/router/index.js:335:12)\n    at next (/home/emmisteel/Documents/Angularjs/jackClinic/node_modules/express/lib/router/index.js:275:10)","level":"error","timestamp":"2019-02-26T06:04:58.356Z"}
{"message":"Er is not defined","stack":"ReferenceError: Er is not defined\n    at Object.<anonymous> (/home/emmisteel/Documents/Angularjs/jackClinic/index.js:32:1)\n    at Module._compile (module.js:660:30)\n    at Object.Module._extensions..js (module.js:671:10)\n    at Module.load (module.js:573:32)\n    at tryModuleLoad (module.js:513:12)\n    at Function.Module._load (module.js:505:3)\n    at Function.Module.runMain (module.js:701:10)\n    at startup (bootstrap_node.js:193:16)\n    at bootstrap_node.js:617:3","level":"error","timestamp":"2019-02-26T07:01:19.185Z"}
{"message":"","stack":"Error\n    at Object.<anonymous> (/home/emmisteel/Documents/Angularjs/jackClinic/index.js:32:7)\n    at Module._compile (module.js:660:30)\n    at Object.Module._extensions..js (module.js:671:10)\n    at Module.load (module.js:573:32)\n    at tryModuleLoad (module.js:513:12)\n    at Function.Module._load (module.js:505:3)\n    at Function.Module.runMain (module.js:701:10)\n    at startup (bootstrap_node.js:193:16)\n    at bootstrap_node.js:617:3","level":"error","timestamp":"2019-02-26T07:01:21.656Z"}
{"message":"Booo","stack":"Error: Booo\n    at Object.<anonymous> (/home/emmisteel/Documents/Angularjs/jackClinic/index.js:32:7)\n    at Module._compile (module.js:660:30)\n    at Object.Module._extensions..js (module.js:671:10)\n    at Module.load (module.js:573:32)\n    at tryModuleLoad (module.js:513:12)\n    at Function.Module._load (module.js:505:3)\n    at Function.Module.runMain (module.js:701:10)\n    at startup (bootstrap_node.js:193:16)\n    at bootstrap_node.js:617:3","level":"error","timestamp":"2019-02-26T07:01:24.250Z"}
{"message":"Booom!!!!!!!!!!!!","stack":"Error: Booom!!!!!!!!!!!!\n    at Object.<anonymous> (/home/emmisteel/Documents/Angularjs/jackClinic/index.js:32:7)\n    at Module._compile (module.js:660:30)\n    at Object.Module._extensions..js (module.js:671:10)\n    at Module.load (module.js:573:32)\n    at tryModuleLoad (module.js:513:12)\n    at Function.Module._load (module.js:505:3)\n    at Function.Module.runMain (module.js:701:10)\n    at startup (bootstrap_node.js:193:16)\n    at bootstrap_node.js:617:3","level":"error","timestamp":"2019-02-26T07:01:28.535Z"}
{"message":"Booom!!!!!!!!!!!!","stack":"Error: Booom!!!!!!!!!!!!\n    at Object.<anonymous> (/home/emmisteel/Documents/Angularjs/jackClinic/index.js:32:7)\n    at Module._compile (module.js:660:30)\n    at Object.Module._extensions..js (module.js:671:10)\n    at Module.load (module.js:573:32)\n    at tryModuleLoad (module.js:513:12)\n    at Function.Module._load (module.js:505:3)\n    at Function.Module.runMain (module.js:701:10)\n    at startup (bootstrap_node.js:193:16)\n    at bootstrap_node.js:617:3","level":"error","timestamp":"2019-02-26T07:01:30.661Z"}
{"level":"info","message":"","timestamp":"2019-02-26T08:29:55.792Z"}
{"meta":"","level":"info","message":"","timestamp":"2019-02-26T08:30:11.233Z"}
{"level":"info","message":"Connected to Mongo","timestamp":"2019-02-26T08:30:19.349Z"}
{"level":"info","message":"Connected to MongoDB","timestamp":"2019-02-26T08:30:22.008Z"}
{"level":"info","message":"Connected to MongoDB . . .","timestamp":"2019-02-26T08:30:24.169Z"}
{"level":"info","message":"Connected to MongoDB . . .","timestamp":"2019-02-26T08:30:26.464Z"}
{"level":"info","message":"Connected to MongoDB . . .","timestamp":"2019-02-26T08:30:29.593Z"}
{"level":"info","message":"Connected to MongoDB . . .","timestamp":"2019-02-26T08:30:31.931Z"}
{"level":"info","message":"Connected to MongoDB . . .","timestamp":"2019-02-26T08:30:36.806Z"}
{"level":"info","message":"Connected to MongoDB . . .","timestamp":"2019-02-26T08:30:38.883Z"}
{"level":"info","message":"Connected to MongoDB . . .","timestamp":"2019-02-26T08:30:52.639Z"}
{"level":"info","message":"Connected to MongoDB . . .","timestamp":"2019-02-26T08:31:55.355Z"}
{"level":"info","message":"Connected to MongoDB . . .","timestamp":"2019-02-26T08:32:29.820Z"}
{"level":"info","message":"Connected to MongoDB . . .","timestamp":"2019-02-26T08:32:33.980Z"}
{"level":"info","message":"Connected to MongoDB . . .","timestamp":"2019-02-26T08:38:32.560Z"}
{"level":"info","message":"Connected to MongoDB . . .","timestamp":"2019-02-26T08:38:34.028Z"}
{"level":"info","message":"Connected to MongoDB . . .","timestamp":"2019-02-26T08:41:02.275Z"}
{"level":"info","message":"Connected to MongoDB . . .","timestamp":"2019-02-26T08:41:04.069Z"}
{"level":"info","message":"Connected to MongoDB . . .","timestamp":"2019-02-26T08:43:05.127Z"}
{"level":"info","message":"Connected to MongoDB . . .","timestamp":"2019-02-26T08:43:26.432Z"}
{"level":"info","message":"Connected to MongoDB . . .","timestamp":"2019-02-26T08:43:28.617Z"}
{"level":"info","message":"Connected to MongoDB . . .","timestamp":"2019-02-26T08:43:32.172Z"}
{"level":"info","message":"Connected to MongoDB . . .","timestamp":"2019-02-26T08:43:40.331Z"}
{"level":"info","message":"Connected to MongoDB . . .","timestamp":"2019-02-26T08:43:44.505Z"}
{"level":"info","message":"Connected to MongoDB . . .","timestamp":"2019-02-26T08:43:58.182Z"}
{"level":"info","message":"Connected to MongoDB . . .","timestamp":"2019-02-26T08:44:00.980Z"}
{"level":"info","message":"Connected to MongoDB . . .","timestamp":"2019-02-26T08:44:04.683Z"}
{"level":"info","message":"Connected to MongoDB . . .","timestamp":"2019-02-26T08:44:09.270Z"}
{"level":"info","message":"Connected to MongoDB . . .","timestamp":"2019-02-26T08:44:13.054Z"}
{"level":"info","message":"Connected to MongoDB . . .","timestamp":"2019-02-26T08:44:16.186Z"}
{"level":"info","message":"Connected to MongoDB . . .","timestamp":"2019-02-26T08:44:20.229Z"}
{"level":"info","message":"Connected to MongoDB . . .","timestamp":"2019-02-26T08:44:21.569Z"}
{"level":"info","message":"Connected to MongoDB . . .","timestamp":"2019-02-26T08:44:25.720Z"}
{"level":"info","message":"Connected to MongoDB . . .","timestamp":"2019-02-26T08:44:30.990Z"}
{"level":"info","message":"Connected to MongoDB . . .","timestamp":"2019-02-26T08:44:42.086Z"}
{"level":"info","message":"Connected to MongoDB . . .","timestamp":"2019-02-26T08:44:47.381Z"}
{"level":"info","message":"Connected to MongoDB . . .","timestamp":"2019-02-26T08:44:56.008Z"}
{"level":"info","message":"Connected to MongoDB . . .","timestamp":"2019-02-26T08:44:58.070Z"}
{"level":"info","message":"Connected to MongoDB . . .","timestamp":"2019-02-26T08:45:04.558Z"}
{"level":"info","message":"Connected to MongoDB . . .","timestamp":"2019-02-26T08:45:06.270Z"}
{"level":"info","message":"Connected to MongoDB . . .","timestamp":"2019-02-26T08:45:33.469Z"}
{"level":"info","message":"Connected to MongoDB . . .","timestamp":"2019-02-26T08:45:38.745Z"}
{"level":"info","message":"Connected to MongoDB . . .","timestamp":"2019-02-26T08:45:43.624Z"}
{"level":"info","message":"Connected to MongoDB . . .","timestamp":"2019-02-26T08:45:46.617Z"}
{"level":"info","message":"Connected to MongoDB . . .","timestamp":"2019-02-26T08:45:49.554Z"}
{"level":"info","message":"Connected to MongoDB . . .","timestamp":"2019-02-26T08:45:51.354Z"}
{"level":"info","message":"Connected to MongoDB . . .","timestamp":"2019-02-26T08:47:33.593Z"}
{"level":"info","message":"Connected to MongoDB . . .","timestamp":"2019-02-26T08:47:35.782Z"}
{"level":"info","message":"Connected to MongoDB . . .","timestamp":"2019-02-26T08:47:38.208Z"}
{"level":"info","message":"Connected to MongoDB . . .","timestamp":"2019-02-26T08:47:40.578Z"}
{"level":"info","message":"Connected to MongoDB . . .","timestamp":"2019-02-26T08:47:48.989Z"}
{"level":"info","message":"Connected to MongoDB . . .","timestamp":"2019-02-26T08:47:52.864Z"}
{"level":"info","message":"Connected to MongoDB . . .","timestamp":"2019-02-26T08:50:13.873Z"}
{"level":"info","message":"Connected to MongoDB . . .","timestamp":"2019-02-26T08:50:31.674Z"}
{"level":"info","message":"Connected to MongoDB . . .","timestamp":"2019-02-26T08:50:33.156Z"}
{"level":"info","message":"Connected to MongoDB . . .","timestamp":"2019-02-26T08:50:49.613Z"}
{"level":"info","message":"Connected to MongoDB . . .","timestamp":"2019-02-26T08:50:55.671Z"}
{"level":"info","message":"Connected to MongoDB . . .","timestamp":"2019-02-26T08:50:58.640Z"}
{"level":"info","message":"Connected to MongoDB . . .","timestamp":"2019-02-26T08:51:03.214Z"}
{"level":"info","message":"Connected to MongoDB . . .","timestamp":"2019-02-26T08:51:05.256Z"}
{"level":"info","message":"Connected to MongoDB . . .","timestamp":"2019-02-26T08:51:06.854Z"}
{"level":"info","message":"Connected to MongoDB . . .","timestamp":"2019-02-26T08:51:10.241Z"}
{"level":"info","message":"Connected to MongoDB . . .","timestamp":"2019-02-26T08:51:12.132Z"}
{"level":"info","message":"Connected to MongoDB . . .","timestamp":"2019-02-26T08:51:15.765Z"}
{"level":"info","message":"Connected to MongoDB . . .","timestamp":"2019-02-26T08:51:19.270Z"}
{"level":"info","message":"Connected to MongoDB . . .","timestamp":"2019-02-26T08:51:24.457Z"}
{"level":"info","message":"Connected to MongoDB . . .","timestamp":"2019-02-26T08:51:28.747Z"}
{"level":"info","message":"Connected to MongoDB . . .","timestamp":"2019-02-26T08:51:47.159Z"}
{"level":"info","message":"Connected to MongoDB . . .","timestamp":"2019-02-26T08:51:48.899Z"}
{"level":"info","message":"Connected to MongoDB . . .","timestamp":"2019-02-26T08:52:16.281Z"}
{"level":"info","message":"Connected to MongoDB . . .","timestamp":"2019-02-26T08:52:20.248Z"}
{"level":"info","message":"Connected to MongoDB . . .","timestamp":"2019-02-26T08:52:22.741Z"}
{"level":"info","message":"Connected to MongoDB . . .","timestamp":"2019-02-26T08:52:24.456Z"}
{"level":"info","message":"Connected to MongoDB . . .","timestamp":"2019-02-26T08:52:31.861Z"}
{"level":"info","message":"Connected to MongoDB . . .","timestamp":"2019-02-26T08:52:46.246Z"}
{"level":"info","message":"Connected to MongoDB . . .","timestamp":"2019-02-26T08:53:41.617Z"}
{"level":"info","message":"Connected to MongoDB . . .","timestamp":"2019-02-26T08:53:51.119Z"}
{"level":"info","message":"Connected to MongoDB . . .","timestamp":"2019-02-26T08:54:00.935Z"}
{"level":"info","message":"Listening on port 4000...","timestamp":"2019-02-26T08:54:30.433Z"}
{"level":"info","message":"Connected to MongoDB . . .","timestamp":"2019-02-26T08:54:30.551Z"}
{"level":"info","message":"Listening on port 4000...","timestamp":"2019-02-26T08:56:01.252Z"}
{"level":"info","message":"Connected to MongoDB . . .","timestamp":"2019-02-26T08:56:01.392Z"}
{"level":"info","message":"Listening on port 4000...","timestamp":"2019-02-26T09:00:33.137Z"}
{"level":"info","message":"Connected to MongoDB . . .","timestamp":"2019-02-26T09:00:33.238Z"}
{"level":"info","message":"Listening on port 4000...","timestamp":"2019-02-26T09:01:24.375Z"}
{"level":"info","message":"Connected to MongoDB . . .","timestamp":"2019-02-26T09:01:24.452Z"}
{"level":"info","message":"Listening on port 4000...","timestamp":"2019-02-26T09:01:33.812Z"}
{"level":"info","message":"Connected to MongoDB . . .","timestamp":"2019-02-26T09:01:33.869Z"}
{"level":"info","message":"Listening on port 4000...","timestamp":"2019-02-26T09:03:07.804Z"}
{"level":"info","message":"Connected to MongoDB . . .","timestamp":"2019-02-26T09:03:07.870Z"}
{"level":"info","message":"Listening on port 4000...","timestamp":"2019-02-26T09:04:38.204Z"}
{"level":"info","message":"Connected to MongoDB . . .","timestamp":"2019-02-26T09:04:38.264Z"}
{"level":"info","message":"Listening on port 4000...","timestamp":"2019-02-26T09:27:19.417Z"}
{"level":"info","message":"Connected to MongoDB . . .","timestamp":"2019-02-26T09:27:19.489Z"}
